[2025-09-18 03:46:31 +0000] [2037] [INFO] Starting gunicorn 21.2.0
[2025-09-18 03:46:31 +0000] [2037] [INFO] Listening at: http://0.0.0.0:8000 (2037)
[2025-09-18 03:46:31 +0000] [2037] [INFO] Using worker: sync
[2025-09-18 03:46:31 +0000] [2039] [INFO] Booting worker with pid: 2039
[2025-09-18 03:46:31 +0000] [2040] [INFO] Booting worker with pid: 2040
[2025-09-18 03:46:31 +0000] [2041] [INFO] Booting worker with pid: 2041
[2025-09-17 23:02:56 -0500] [2040] [INFO] Worker exiting (pid: 2040)
[2025-09-18 04:02:56 +0000] [2037] [INFO] Handling signal: term
[2025-09-17 23:02:56 -0500] [2039] [INFO] Worker exiting (pid: 2039)
[2025-09-17 23:02:56 -0500] [2041] [INFO] Worker exiting (pid: 2041)
[2025-09-18 04:02:56 +0000] [2037] [ERROR] Worker (pid:2039) was sent SIGTERM!
[2025-09-18 04:02:56 +0000] [2037] [ERROR] Worker (pid:2040) was sent SIGTERM!
[2025-09-18 04:02:56 +0000] [2037] [ERROR] Worker (pid:2041) was sent SIGTERM!
[2025-09-18 04:02:56 +0000] [2037] [INFO] Shutting down: Master
[2025-09-18 04:02:58 +0000] [2938] [INFO] Starting gunicorn 21.2.0
[2025-09-18 04:02:58 +0000] [2938] [INFO] Listening at: http://0.0.0.0:8000 (2938)
[2025-09-18 04:02:58 +0000] [2938] [INFO] Using worker: sync
[2025-09-18 04:02:58 +0000] [2940] [INFO] Booting worker with pid: 2940
[2025-09-18 04:02:59 +0000] [2941] [INFO] Booting worker with pid: 2941
[2025-09-18 04:02:59 +0000] [2942] [INFO] Booting worker with pid: 2942
[2025-09-18 04:07:07 +0000] [2938] [INFO] Handling signal: term
[2025-09-17 23:07:07 -0500] [2940] [INFO] Worker exiting (pid: 2940)
[2025-09-17 23:07:07 -0500] [2942] [INFO] Worker exiting (pid: 2942)
[2025-09-17 23:07:07 -0500] [2941] [INFO] Worker exiting (pid: 2941)
[2025-09-18 04:07:07 +0000] [2938] [INFO] Shutting down: Master
[2025-09-18 04:07:09 +0000] [3041] [INFO] Starting gunicorn 21.2.0
[2025-09-18 04:07:09 +0000] [3041] [INFO] Listening at: http://0.0.0.0:8000 (3041)
[2025-09-18 04:07:09 +0000] [3041] [INFO] Using worker: sync
[2025-09-18 04:07:09 +0000] [3043] [INFO] Booting worker with pid: 3043
[2025-09-18 04:07:09 +0000] [3044] [INFO] Booting worker with pid: 3044
[2025-09-18 04:07:09 +0000] [3045] [INFO] Booting worker with pid: 3045
[2025-09-18 04:03:59 -0500] [3044] [INFO] Worker exiting (pid: 3044)
[2025-09-18 09:03:59 +0000] [3041] [INFO] Handling signal: term
[2025-09-18 04:03:59 -0500] [3043] [INFO] Worker exiting (pid: 3043)
[2025-09-18 04:03:59 -0500] [3045] [INFO] Worker exiting (pid: 3045)
[2025-09-18 09:03:59 +0000] [3041] [INFO] Shutting down: Master
[2025-09-18 09:04:01 +0000] [3725] [INFO] Starting gunicorn 21.2.0
[2025-09-18 09:04:01 +0000] [3725] [INFO] Listening at: http://0.0.0.0:8000 (3725)
[2025-09-18 09:04:01 +0000] [3725] [INFO] Using worker: sync
[2025-09-18 09:04:01 +0000] [3727] [INFO] Booting worker with pid: 3727
[2025-09-18 09:04:01 +0000] [3728] [INFO] Booting worker with pid: 3728
[2025-09-18 09:04:01 +0000] [3729] [INFO] Booting worker with pid: 3729
[2025-09-18 09:09:12 +0000] [3725] [INFO] Handling signal: term
[2025-09-18 04:09:12 -0500] [3727] [INFO] Worker exiting (pid: 3727)
[2025-09-18 04:09:12 -0500] [3728] [INFO] Worker exiting (pid: 3728)
[2025-09-18 04:09:12 -0500] [3729] [INFO] Worker exiting (pid: 3729)
[2025-09-18 09:09:12 +0000] [3725] [INFO] Shutting down: Master
[2025-09-18 09:09:14 +0000] [3789] [INFO] Starting gunicorn 21.2.0
[2025-09-18 09:09:14 +0000] [3789] [INFO] Listening at: http://0.0.0.0:8000 (3789)
[2025-09-18 09:09:14 +0000] [3789] [INFO] Using worker: sync
[2025-09-18 09:09:14 +0000] [3791] [INFO] Booting worker with pid: 3791
[2025-09-18 09:09:14 +0000] [3792] [INFO] Booting worker with pid: 3792
[2025-09-18 09:09:14 +0000] [3793] [INFO] Booting worker with pid: 3793
[2025-09-18 04:20:32 -0500] [3792] [INFO] Worker exiting (pid: 3792)
[2025-09-18 09:20:32 +0000] [3789] [INFO] Handling signal: term
[2025-09-18 04:20:32 -0500] [3791] [INFO] Worker exiting (pid: 3791)
[2025-09-18 04:20:32 -0500] [3793] [INFO] Worker exiting (pid: 3793)
[2025-09-18 09:20:32 +0000] [3789] [ERROR] Worker (pid:3792) was sent SIGTERM!
[2025-09-18 09:20:32 +0000] [3789] [ERROR] Worker (pid:3793) was sent SIGTERM!
[2025-09-18 09:20:32 +0000] [3789] [ERROR] Worker (pid:3791) was sent SIGTERM!
[2025-09-18 09:20:32 +0000] [3789] [INFO] Shutting down: Master
[2025-09-18 09:20:35 +0000] [3867] [INFO] Starting gunicorn 21.2.0
[2025-09-18 09:20:35 +0000] [3867] [INFO] Listening at: http://0.0.0.0:8000 (3867)
[2025-09-18 09:20:35 +0000] [3867] [INFO] Using worker: sync
[2025-09-18 09:20:35 +0000] [3869] [INFO] Booting worker with pid: 3869
[2025-09-18 09:20:35 +0000] [3870] [INFO] Booting worker with pid: 3870
[2025-09-18 09:20:35 +0000] [3871] [INFO] Booting worker with pid: 3871
[2025-09-18 04:37:20 -0500] [3869] [INFO] Worker exiting (pid: 3869)
[2025-09-18 09:37:20 +0000] [3867] [INFO] Handling signal: term
[2025-09-18 04:37:20 -0500] [3871] [INFO] Worker exiting (pid: 3871)
[2025-09-18 04:37:20 -0500] [3870] [INFO] Worker exiting (pid: 3870)
[2025-09-18 09:37:20 +0000] [3867] [ERROR] Worker (pid:3869) was sent SIGTERM!
[2025-09-18 09:37:20 +0000] [3867] [ERROR] Worker (pid:3871) was sent SIGTERM!
[2025-09-18 09:37:20 +0000] [3867] [ERROR] Worker (pid:3870) was sent SIGTERM!
[2025-09-18 09:37:20 +0000] [3867] [INFO] Shutting down: Master
[2025-09-18 09:37:23 +0000] [3983] [INFO] Starting gunicorn 21.2.0
[2025-09-18 09:37:23 +0000] [3983] [INFO] Listening at: http://0.0.0.0:8000 (3983)
[2025-09-18 09:37:23 +0000] [3983] [INFO] Using worker: sync
[2025-09-18 09:37:23 +0000] [3985] [INFO] Booting worker with pid: 3985
[2025-09-18 09:37:23 +0000] [3986] [INFO] Booting worker with pid: 3986
[2025-09-18 09:37:24 +0000] [3987] [INFO] Booting worker with pid: 3987
[2025-09-18 10:13:16 +0000] [3983] [INFO] Handling signal: term
[2025-09-18 05:13:16 -0500] [3985] [INFO] Worker exiting (pid: 3985)
[2025-09-18 05:13:16 -0500] [3987] [INFO] Worker exiting (pid: 3987)
[2025-09-18 05:13:16 -0500] [3986] [INFO] Worker exiting (pid: 3986)
[2025-09-18 10:13:16 +0000] [3983] [ERROR] Worker (pid:3985) was sent SIGTERM!
[2025-09-18 10:13:16 +0000] [3983] [ERROR] Worker (pid:3987) was sent SIGTERM!
[2025-09-18 10:13:16 +0000] [3983] [INFO] Shutting down: Master
[2025-09-18 10:13:19 +0000] [5166] [INFO] Starting gunicorn 21.2.0
[2025-09-18 10:13:19 +0000] [5166] [INFO] Listening at: http://0.0.0.0:8000 (5166)
[2025-09-18 10:13:19 +0000] [5166] [INFO] Using worker: sync
[2025-09-18 10:13:19 +0000] [5168] [INFO] Booting worker with pid: 5168
[2025-09-18 10:13:19 +0000] [5169] [INFO] Booting worker with pid: 5169
[2025-09-18 10:13:19 +0000] [5170] [INFO] Booting worker with pid: 5170
[2025-09-18 10:14:30 +0000] [5166] [INFO] Handling signal: term
[2025-09-18 05:14:30 -0500] [5169] [INFO] Worker exiting (pid: 5169)
[2025-09-18 05:14:30 -0500] [5168] [INFO] Worker exiting (pid: 5168)
[2025-09-18 05:14:30 -0500] [5170] [INFO] Worker exiting (pid: 5170)
[2025-09-18 10:14:30 +0000] [5166] [INFO] Shutting down: Master
[2025-09-18 10:14:32 +0000] [5255] [INFO] Starting gunicorn 21.2.0
[2025-09-18 10:14:32 +0000] [5255] [INFO] Listening at: http://0.0.0.0:8000 (5255)
[2025-09-18 10:14:32 +0000] [5255] [INFO] Using worker: sync
[2025-09-18 10:14:32 +0000] [5257] [INFO] Booting worker with pid: 5257
[2025-09-18 10:14:32 +0000] [5258] [INFO] Booting worker with pid: 5258
[2025-09-18 10:14:32 +0000] [5259] [INFO] Booting worker with pid: 5259
[2025-09-18 10:15:35 +0000] [5255] [INFO] Handling signal: term
[2025-09-18 05:15:35 -0500] [5259] [INFO] Worker exiting (pid: 5259)
[2025-09-18 05:15:35 -0500] [5257] [INFO] Worker exiting (pid: 5257)
[2025-09-18 05:15:35 -0500] [5258] [INFO] Worker exiting (pid: 5258)
[2025-09-18 10:15:35 +0000] [5255] [ERROR] Worker (pid:5259) was sent SIGTERM!
[2025-09-18 10:15:35 +0000] [5255] [ERROR] Worker (pid:5258) was sent SIGTERM!
[2025-09-18 10:15:35 +0000] [5255] [ERROR] Worker (pid:5257) was sent SIGTERM!
[2025-09-18 10:15:35 +0000] [5255] [INFO] Shutting down: Master
[2025-09-18 10:15:38 +0000] [5313] [INFO] Starting gunicorn 21.2.0
[2025-09-18 10:15:38 +0000] [5313] [INFO] Listening at: http://0.0.0.0:8000 (5313)
[2025-09-18 10:15:38 +0000] [5313] [INFO] Using worker: sync
[2025-09-18 10:15:38 +0000] [5315] [INFO] Booting worker with pid: 5315
[2025-09-18 10:15:38 +0000] [5316] [INFO] Booting worker with pid: 5316
[2025-09-18 10:15:39 +0000] [5317] [INFO] Booting worker with pid: 5317
[2025-09-18 10:21:45 +0000] [5313] [INFO] Handling signal: term
[2025-09-18 05:21:45 -0500] [5317] [INFO] Worker exiting (pid: 5317)
[2025-09-18 05:21:45 -0500] [5315] [INFO] Worker exiting (pid: 5315)
[2025-09-18 05:21:45 -0500] [5316] [INFO] Worker exiting (pid: 5316)
[2025-09-18 10:21:45 +0000] [5313] [ERROR] Worker (pid:5315) was sent SIGTERM!
[2025-09-18 10:21:45 +0000] [5313] [INFO] Shutting down: Master
[2025-09-18 10:21:48 +0000] [5432] [INFO] Starting gunicorn 21.2.0
[2025-09-18 10:21:48 +0000] [5432] [INFO] Listening at: http://0.0.0.0:8000 (5432)
[2025-09-18 10:21:48 +0000] [5432] [INFO] Using worker: sync
[2025-09-18 10:21:48 +0000] [5434] [INFO] Booting worker with pid: 5434
[2025-09-18 10:21:48 +0000] [5435] [INFO] Booting worker with pid: 5435
[2025-09-18 10:21:49 +0000] [5436] [INFO] Booting worker with pid: 5436
[2025-09-18 13:29:53 +0000] [5432] [INFO] Handling signal: term
[2025-09-18 13:29:53 +0000] [5432] [ERROR] Worker (pid:5434) was sent SIGHUP!
[2025-09-18 13:29:53 +0000] [5432] [ERROR] Worker (pid:5435) was sent SIGHUP!
[2025-09-18 13:29:53 +0000] [5432] [ERROR] Worker (pid:5436) was sent SIGHUP!
[2025-09-18 13:29:53 +0000] [5432] [INFO] Shutting down: Master
[2025-09-18 13:39:26 +0000] [1432] [INFO] Starting gunicorn 21.2.0
[2025-09-18 13:39:26 +0000] [1432] [INFO] Listening at: http://0.0.0.0:8000 (1432)
[2025-09-18 13:39:26 +0000] [1432] [INFO] Using worker: sync
[2025-09-18 13:39:26 +0000] [1434] [INFO] Booting worker with pid: 1434
[2025-09-18 13:39:26 +0000] [1435] [INFO] Booting worker with pid: 1435
[2025-09-18 13:39:26 +0000] [1436] [INFO] Booting worker with pid: 1436
[2025-09-18 14:06:45 -0500] [1435] [WARNING] Invalid request from ip=3.134.148.59: Invalid HTTP request line: 'SSH-2.0-Go'
[2025-09-18 21:30:53 -0500] [1434] [INFO] Worker exiting (pid: 1434)
[2025-09-19 02:30:53 +0000] [1432] [INFO] Handling signal: term
[2025-09-18 21:30:53 -0500] [1435] [INFO] Worker exiting (pid: 1435)
[2025-09-18 21:30:53 -0500] [1436] [INFO] Worker exiting (pid: 1436)
[2025-09-19 02:30:54 +0000] [1432] [INFO] Shutting down: Master
[2025-09-19 02:30:55 +0000] [3485] [INFO] Starting gunicorn 21.2.0
[2025-09-19 02:30:55 +0000] [3485] [INFO] Listening at: http://0.0.0.0:8000 (3485)
[2025-09-19 02:30:55 +0000] [3485] [INFO] Using worker: sync
[2025-09-19 02:30:55 +0000] [3487] [INFO] Booting worker with pid: 3487
[2025-09-19 02:30:55 +0000] [3488] [INFO] Booting worker with pid: 3488
[2025-09-19 02:30:56 +0000] [3489] [INFO] Booting worker with pid: 3489
[2025-09-19 07:51:48 +0000] [3485] [INFO] Handling signal: term
[2025-09-19 02:51:48 -0500] [3489] [INFO] Worker exiting (pid: 3489)
[2025-09-19 02:51:48 -0500] [3488] [INFO] Worker exiting (pid: 3488)
[2025-09-19 02:51:48 -0500] [3487] [INFO] Worker exiting (pid: 3487)
[2025-09-19 07:51:48 +0000] [3485] [INFO] Shutting down: Master
[2025-09-19 07:51:50 +0000] [5051] [INFO] Starting gunicorn 21.2.0
[2025-09-19 07:51:50 +0000] [5051] [INFO] Listening at: http://0.0.0.0:8000 (5051)
[2025-09-19 07:51:50 +0000] [5051] [INFO] Using worker: sync
[2025-09-19 07:51:50 +0000] [5053] [INFO] Booting worker with pid: 5053
[2025-09-19 07:51:50 +0000] [5054] [INFO] Booting worker with pid: 5054
[2025-09-19 07:51:50 +0000] [5055] [INFO] Booting worker with pid: 5055
[2025-09-19 07:58:29 +0000] [5051] [INFO] Handling signal: term
[2025-09-19 02:58:29 -0500] [5053] [INFO] Worker exiting (pid: 5053)
[2025-09-19 02:58:29 -0500] [5054] [INFO] Worker exiting (pid: 5054)
[2025-09-19 02:58:29 -0500] [5055] [INFO] Worker exiting (pid: 5055)
[2025-09-19 07:58:29 +0000] [5051] [INFO] Shutting down: Master
[2025-09-19 07:58:31 +0000] [5137] [INFO] Starting gunicorn 21.2.0
[2025-09-19 07:58:31 +0000] [5137] [INFO] Listening at: http://0.0.0.0:8000 (5137)
[2025-09-19 07:58:31 +0000] [5137] [INFO] Using worker: sync
[2025-09-19 07:58:31 +0000] [5139] [INFO] Booting worker with pid: 5139
[2025-09-19 07:58:31 +0000] [5140] [INFO] Booting worker with pid: 5140
[2025-09-19 07:58:31 +0000] [5141] [INFO] Booting worker with pid: 5141
[2025-09-19 08:03:51 +0000] [5137] [INFO] Handling signal: term
[2025-09-19 03:03:51 -0500] [5139] [INFO] Worker exiting (pid: 5139)
[2025-09-19 03:03:51 -0500] [5140] [INFO] Worker exiting (pid: 5140)
[2025-09-19 03:03:51 -0500] [5141] [INFO] Worker exiting (pid: 5141)
[2025-09-19 08:03:51 +0000] [5137] [ERROR] Worker (pid:5140) was sent SIGTERM!
[2025-09-19 08:03:51 +0000] [5137] [ERROR] Worker (pid:5141) was sent SIGTERM!
[2025-09-19 08:03:51 +0000] [5137] [ERROR] Worker (pid:5139) was sent SIGTERM!
[2025-09-19 08:03:51 +0000] [5137] [INFO] Shutting down: Master
[2025-09-19 08:06:52 +0000] [5313] [INFO] Starting gunicorn 21.2.0
[2025-09-19 08:06:52 +0000] [5313] [INFO] Listening at: http://0.0.0.0:8000 (5313)
[2025-09-19 08:06:52 +0000] [5313] [INFO] Using worker: sync
[2025-09-19 08:06:52 +0000] [5315] [INFO] Booting worker with pid: 5315
[2025-09-19 08:06:52 +0000] [5316] [INFO] Booting worker with pid: 5316
[2025-09-19 08:06:52 +0000] [5317] [INFO] Booting worker with pid: 5317
[2025-09-19 06:44:05 -0500] [5316] [WARNING] Invalid request from ip=157.230.183.54: Invalid HTTP request line: ''
[2025-09-19 15:45:42 +0000] [5313] [ERROR] Worker (pid:5317) was sent SIGKILL! Perhaps out of memory?
[2025-09-19 15:45:42 +0000] [6616] [INFO] Booting worker with pid: 6616
[2025-09-19 15:46:15 +0000] [5313] [CRITICAL] WORKER TIMEOUT (pid:6616)
[2025-09-19 15:46:23 +0000] [5313] [ERROR] Worker (pid:6616) was sent SIGKILL! Perhaps out of memory?
[2025-09-19 15:46:36 +0000] [6619] [INFO] Booting worker with pid: 6619
[2025-09-19 16:09:54 +0000] [5313] [ERROR] Worker (pid:5315) was sent SIGKILL! Perhaps out of memory?
[2025-09-19 16:09:54 +0000] [6651] [INFO] Booting worker with pid: 6651
[2025-09-19 15:15:51 -0500] [6651] [WARNING] Invalid request from ip=3.131.215.38: Invalid HTTP request line: 'SSH-2.0-Go'
[2025-09-20 01:43:17 +0000] [5313] [INFO] Handling signal: term
[2025-09-19 20:43:17 -0500] [6651] [INFO] Worker exiting (pid: 6651)
[2025-09-19 20:43:17 -0500] [5316] [INFO] Worker exiting (pid: 5316)
[2025-09-19 20:43:17 -0500] [6619] [INFO] Worker exiting (pid: 6619)
[2025-09-20 01:43:17 +0000] [5313] [ERROR] Worker (pid:6651) was sent SIGTERM!
[2025-09-20 01:43:17 +0000] [5313] [ERROR] Worker (pid:6619) was sent SIGTERM!
[2025-09-20 01:43:17 +0000] [5313] [ERROR] Worker (pid:5316) was sent SIGTERM!
[2025-09-20 01:43:17 +0000] [5313] [INFO] Shutting down: Master
[2025-09-20 01:43:19 +0000] [7632] [INFO] Starting gunicorn 21.2.0
[2025-09-20 01:43:19 +0000] [7632] [INFO] Listening at: http://0.0.0.0:8000 (7632)
[2025-09-20 01:43:19 +0000] [7632] [INFO] Using worker: sync
[2025-09-20 01:43:19 +0000] [7634] [INFO] Booting worker with pid: 7634
[2025-09-20 01:43:19 +0000] [7635] [INFO] Booting worker with pid: 7635
[2025-09-20 01:43:20 +0000] [7636] [INFO] Booting worker with pid: 7636
[2025-09-20 02:04:53 +0000] [7632] [INFO] Handling signal: term
[2025-09-19 21:04:53 -0500] [7636] [INFO] Worker exiting (pid: 7636)
[2025-09-19 21:04:53 -0500] [7635] [INFO] Worker exiting (pid: 7635)
[2025-09-19 21:04:53 -0500] [7634] [INFO] Worker exiting (pid: 7634)
[2025-09-20 02:04:53 +0000] [7632] [INFO] Shutting down: Master
[2025-09-20 02:04:56 +0000] [7815] [INFO] Starting gunicorn 21.2.0
[2025-09-20 02:04:56 +0000] [7815] [INFO] Listening at: http://0.0.0.0:8000 (7815)
[2025-09-20 02:04:56 +0000] [7815] [INFO] Using worker: sync
[2025-09-20 02:04:56 +0000] [7817] [INFO] Booting worker with pid: 7817
[2025-09-20 02:04:56 +0000] [7818] [INFO] Booting worker with pid: 7818
[2025-09-20 02:04:56 +0000] [7819] [INFO] Booting worker with pid: 7819
[2025-09-20 02:12:47 +0000] [7815] [INFO] Handling signal: term
[2025-09-19 21:12:47 -0500] [7817] [INFO] Worker exiting (pid: 7817)
[2025-09-19 21:12:47 -0500] [7818] [INFO] Worker exiting (pid: 7818)
[2025-09-19 21:12:47 -0500] [7819] [INFO] Worker exiting (pid: 7819)
[2025-09-20 02:12:47 +0000] [7815] [ERROR] Worker (pid:7817) was sent SIGTERM!
[2025-09-20 02:12:47 +0000] [7815] [ERROR] Worker (pid:7818) was sent SIGTERM!
[2025-09-20 02:12:47 +0000] [7815] [ERROR] Worker (pid:7819) was sent SIGTERM!
[2025-09-20 02:12:47 +0000] [7815] [INFO] Shutting down: Master
[2025-09-20 02:12:49 +0000] [7895] [INFO] Starting gunicorn 21.2.0
[2025-09-20 02:12:49 +0000] [7895] [INFO] Listening at: http://0.0.0.0:8000 (7895)
[2025-09-20 02:12:49 +0000] [7895] [INFO] Using worker: sync
[2025-09-20 02:12:49 +0000] [7897] [INFO] Booting worker with pid: 7897
[2025-09-20 02:12:50 +0000] [7898] [INFO] Booting worker with pid: 7898
[2025-09-20 02:12:50 +0000] [7899] [INFO] Booting worker with pid: 7899
[2025-09-20 02:32:22 +0000] [7895] [CRITICAL] WORKER TIMEOUT (pid:7897)
[2025-09-19 21:32:22 -0500] [7897] [INFO] Worker exiting (pid: 7897)
[2025-09-20 02:32:23 +0000] [7895] [ERROR] Worker (pid:7897) exited with code 1
[2025-09-20 02:32:23 +0000] [7895] [ERROR] Worker (pid:7897) exited with code 1.
[2025-09-20 02:32:23 +0000] [7987] [INFO] Booting worker with pid: 7987
[2025-09-19 22:27:41 -0500] [7898] [INFO] Worker exiting (pid: 7898)
[2025-09-20 03:27:41 +0000] [7895] [INFO] Handling signal: term
[2025-09-19 22:27:41 -0500] [7899] [INFO] Worker exiting (pid: 7899)
[2025-09-19 22:27:41 -0500] [7987] [INFO] Worker exiting (pid: 7987)
[2025-09-20 03:27:41 +0000] [7895] [ERROR] Worker (pid:7898) was sent SIGTERM!
[2025-09-20 03:27:41 +0000] [7895] [INFO] Shutting down: Master
[2025-09-20 03:27:43 +0000] [8543] [INFO] Starting gunicorn 21.2.0
[2025-09-20 03:27:43 +0000] [8543] [INFO] Listening at: http://0.0.0.0:8000 (8543)
[2025-09-20 03:27:43 +0000] [8543] [INFO] Using worker: sync
[2025-09-20 03:27:43 +0000] [8545] [INFO] Booting worker with pid: 8545
[2025-09-20 03:27:43 +0000] [8546] [INFO] Booting worker with pid: 8546
[2025-09-20 03:27:43 +0000] [8547] [INFO] Booting worker with pid: 8547
[2025-09-20 03:41:27 +0000] [8543] [INFO] Handling signal: hup
[2025-09-20 03:41:27 +0000] [8543] [INFO] Hang up: Master
[2025-09-20 03:41:27 +0000] [8773] [INFO] Booting worker with pid: 8773
[2025-09-20 03:41:27 +0000] [8774] [INFO] Booting worker with pid: 8774
[2025-09-20 03:41:27 +0000] [8543] [INFO] Handling signal: term
[2025-09-20 03:41:27 +0000] [8775] [INFO] Booting worker with pid: 8775
[2025-09-19 22:41:28 -0500] [8773] [INFO] Worker exiting (pid: 8773)
[2025-09-19 22:41:28 -0500] [8774] [INFO] Worker exiting (pid: 8774)
[2025-09-20 03:41:57 +0000] [8543] [INFO] Shutting down: Master
[2025-09-22 01:58:45 +0000] [1364] [INFO] Starting gunicorn 21.2.0
[2025-09-22 01:58:45 +0000] [1364] [INFO] Listening at: http://0.0.0.0:8000 (1364)
[2025-09-22 01:58:45 +0000] [1364] [INFO] Using worker: sync
[2025-09-22 01:58:45 +0000] [1366] [INFO] Booting worker with pid: 1366
[2025-09-22 01:58:45 +0000] [1367] [INFO] Booting worker with pid: 1367
[2025-09-22 01:58:45 +0000] [1368] [INFO] Booting worker with pid: 1368
[2025-09-21 21:47:24 -0500] [1366] [INFO] Worker exiting (pid: 1366)
[2025-09-21 21:47:24 -0500] [1367] [INFO] Worker exiting (pid: 1367)
[2025-09-22 02:47:24 +0000] [1364] [INFO] Handling signal: term
[2025-09-21 21:47:24 -0500] [1368] [INFO] Worker exiting (pid: 1368)
[2025-09-22 02:47:24 +0000] [1364] [ERROR] Worker (pid:1366) was sent SIGTERM!
[2025-09-22 02:47:24 +0000] [1364] [ERROR] Worker (pid:1367) was sent SIGTERM!
[2025-09-22 02:47:24 +0000] [1364] [INFO] Shutting down: Master
[2025-09-22 02:47:26 +0000] [1694] [INFO] Starting gunicorn 21.2.0
[2025-09-22 02:47:26 +0000] [1694] [INFO] Listening at: http://0.0.0.0:8000 (1694)
[2025-09-22 02:47:26 +0000] [1694] [INFO] Using worker: sync
[2025-09-22 02:47:26 +0000] [1696] [INFO] Booting worker with pid: 1696
[2025-09-22 02:47:26 +0000] [1697] [INFO] Booting worker with pid: 1697
[2025-09-22 02:47:26 +0000] [1698] [INFO] Booting worker with pid: 1698
[2025-09-22 03:02:10 +0000] [1694] [INFO] Handling signal: term
[2025-09-21 22:02:10 -0500] [1696] [INFO] Worker exiting (pid: 1696)
[2025-09-21 22:02:10 -0500] [1697] [INFO] Worker exiting (pid: 1697)
[2025-09-21 22:02:10 -0500] [1698] [INFO] Worker exiting (pid: 1698)
[2025-09-22 03:02:10 +0000] [1694] [INFO] Shutting down: Master
[2025-09-22 03:02:12 +0000] [1776] [INFO] Starting gunicorn 21.2.0
[2025-09-22 03:02:12 +0000] [1776] [INFO] Listening at: http://0.0.0.0:8000 (1776)
[2025-09-22 03:02:12 +0000] [1776] [INFO] Using worker: sync
[2025-09-22 03:02:12 +0000] [1778] [INFO] Booting worker with pid: 1778
[2025-09-22 03:02:12 +0000] [1779] [INFO] Booting worker with pid: 1779
[2025-09-22 03:02:12 +0000] [1780] [INFO] Booting worker with pid: 1780
[2025-09-21 22:25:33 -0500] [1780] [INFO] Worker exiting (pid: 1780)
[2025-09-22 03:25:33 +0000] [1776] [INFO] Handling signal: term
[2025-09-21 22:25:33 -0500] [1778] [INFO] Worker exiting (pid: 1778)
[2025-09-21 22:25:33 -0500] [1779] [INFO] Worker exiting (pid: 1779)
[2025-09-22 03:25:34 +0000] [1776] [INFO] Shutting down: Master
[2025-09-22 03:25:35 +0000] [1956] [INFO] Starting gunicorn 21.2.0
[2025-09-22 03:25:35 +0000] [1956] [INFO] Listening at: http://0.0.0.0:8000 (1956)
[2025-09-22 03:25:35 +0000] [1956] [INFO] Using worker: sync
[2025-09-22 03:25:35 +0000] [1958] [INFO] Booting worker with pid: 1958
[2025-09-22 03:25:35 +0000] [1959] [INFO] Booting worker with pid: 1959
[2025-09-22 03:25:35 +0000] [1960] [INFO] Booting worker with pid: 1960
[2025-09-22 03:37:01 +0000] [1956] [INFO] Handling signal: term
[2025-09-21 22:37:01 -0500] [1960] [INFO] Worker exiting (pid: 1960)
[2025-09-21 22:37:01 -0500] [1959] [INFO] Worker exiting (pid: 1959)
[2025-09-21 22:37:01 -0500] [1958] [INFO] Worker exiting (pid: 1958)
[2025-09-22 03:37:01 +0000] [1956] [INFO] Shutting down: Master
[2025-09-22 03:37:03 +0000] [2022] [INFO] Starting gunicorn 21.2.0
[2025-09-22 03:37:03 +0000] [2022] [INFO] Listening at: http://0.0.0.0:8000 (2022)
[2025-09-22 03:37:03 +0000] [2022] [INFO] Using worker: sync
[2025-09-22 03:37:03 +0000] [2024] [INFO] Booting worker with pid: 2024
[2025-09-22 03:37:03 +0000] [2025] [INFO] Booting worker with pid: 2025
[2025-09-22 03:37:03 +0000] [2026] [INFO] Booting worker with pid: 2026
[2025-09-22 05:21:31 +0000] [2022] [INFO] Handling signal: term
[2025-09-22 00:21:31 -0500] [2025] [INFO] Worker exiting (pid: 2025)
[2025-09-22 00:21:31 -0500] [2024] [INFO] Worker exiting (pid: 2024)
[2025-09-22 00:21:31 -0500] [2026] [INFO] Worker exiting (pid: 2026)
[2025-09-22 05:21:31 +0000] [2022] [INFO] Shutting down: Master
[2025-09-22 05:21:33 +0000] [2557] [INFO] Starting gunicorn 21.2.0
[2025-09-22 05:21:33 +0000] [2557] [INFO] Listening at: http://0.0.0.0:8000 (2557)
[2025-09-22 05:21:33 +0000] [2557] [INFO] Using worker: sync
[2025-09-22 05:21:33 +0000] [2559] [INFO] Booting worker with pid: 2559
[2025-09-22 05:21:33 +0000] [2560] [INFO] Booting worker with pid: 2560
[2025-09-22 05:21:33 +0000] [2561] [INFO] Booting worker with pid: 2561
[2025-09-22 05:52:51 +0000] [2557] [INFO] Handling signal: term
[2025-09-22 00:52:51 -0500] [2560] [INFO] Worker exiting (pid: 2560)
[2025-09-22 00:52:51 -0500] [2559] [INFO] Worker exiting (pid: 2559)
[2025-09-22 00:52:51 -0500] [2561] [INFO] Worker exiting (pid: 2561)
[2025-09-22 05:52:51 +0000] [2557] [INFO] Shutting down: Master
[2025-09-22 05:52:53 +0000] [2928] [INFO] Starting gunicorn 21.2.0
[2025-09-22 05:52:53 +0000] [2928] [INFO] Listening at: http://0.0.0.0:8000 (2928)
[2025-09-22 05:52:53 +0000] [2928] [INFO] Using worker: sync
[2025-09-22 05:52:53 +0000] [2930] [INFO] Booting worker with pid: 2930
[2025-09-22 05:52:53 +0000] [2931] [INFO] Booting worker with pid: 2931
[2025-09-22 05:52:53 +0000] [2932] [INFO] Booting worker with pid: 2932
[2025-09-22 01:10:45 -0500] [2932] [INFO] Worker exiting (pid: 2932)
[2025-09-22 01:10:45 -0500] [2931] [INFO] Worker exiting (pid: 2931)
[2025-09-22 06:10:45 +0000] [2928] [INFO] Handling signal: term
[2025-09-22 01:10:45 -0500] [2930] [INFO] Worker exiting (pid: 2930)
[2025-09-22 06:10:45 +0000] [2928] [ERROR] Worker (pid:2931) was sent SIGTERM!
[2025-09-22 06:10:45 +0000] [2928] [ERROR] Worker (pid:2932) was sent SIGTERM!
[2025-09-22 06:10:45 +0000] [2928] [INFO] Shutting down: Master
[2025-09-22 06:10:47 +0000] [3013] [INFO] Starting gunicorn 21.2.0
[2025-09-22 06:10:47 +0000] [3013] [INFO] Listening at: http://0.0.0.0:8000 (3013)
[2025-09-22 06:10:47 +0000] [3013] [INFO] Using worker: sync
[2025-09-22 06:10:47 +0000] [3015] [INFO] Booting worker with pid: 3015
[2025-09-22 06:10:47 +0000] [3016] [INFO] Booting worker with pid: 3016
[2025-09-22 06:10:47 +0000] [3017] [INFO] Booting worker with pid: 3017
[2025-09-22 06:15:10 +0000] [3013] [INFO] Handling signal: term
[2025-09-22 01:15:10 -0500] [3015] [INFO] Worker exiting (pid: 3015)
[2025-09-22 01:15:10 -0500] [3016] [INFO] Worker exiting (pid: 3016)
[2025-09-22 01:15:10 -0500] [3017] [INFO] Worker exiting (pid: 3017)
[2025-09-22 06:15:10 +0000] [3013] [ERROR] Worker (pid:3015) was sent SIGTERM!
[2025-09-22 06:15:10 +0000] [3013] [ERROR] Worker (pid:3016) was sent SIGTERM!
[2025-09-22 06:15:10 +0000] [3013] [ERROR] Worker (pid:3017) was sent SIGTERM!
[2025-09-22 06:15:10 +0000] [3013] [INFO] Shutting down: Master
[2025-09-22 06:15:12 +0000] [3117] [INFO] Starting gunicorn 21.2.0
[2025-09-22 06:15:12 +0000] [3117] [INFO] Listening at: http://0.0.0.0:8000 (3117)
[2025-09-22 06:15:12 +0000] [3117] [INFO] Using worker: sync
[2025-09-22 06:15:12 +0000] [3119] [INFO] Booting worker with pid: 3119
[2025-09-22 06:15:12 +0000] [3120] [INFO] Booting worker with pid: 3120
[2025-09-22 06:15:12 +0000] [3121] [INFO] Booting worker with pid: 3121
[2025-09-22 01:22:27 -0500] [3119] [INFO] Worker exiting (pid: 3119)
[2025-09-22 06:22:27 +0000] [3117] [INFO] Handling signal: term
[2025-09-22 01:22:27 -0500] [3121] [INFO] Worker exiting (pid: 3121)
[2025-09-22 01:22:27 -0500] [3120] [INFO] Worker exiting (pid: 3120)
[2025-09-22 06:22:27 +0000] [3117] [ERROR] Worker (pid:3119) was sent SIGTERM!
[2025-09-22 06:22:27 +0000] [3117] [ERROR] Worker (pid:3121) was sent SIGTERM!
[2025-09-22 06:22:27 +0000] [3117] [INFO] Shutting down: Master
[2025-09-22 06:22:29 +0000] [3232] [INFO] Starting gunicorn 21.2.0
[2025-09-22 06:22:29 +0000] [3232] [INFO] Listening at: http://0.0.0.0:8000 (3232)
[2025-09-22 06:22:29 +0000] [3232] [INFO] Using worker: sync
[2025-09-22 06:22:29 +0000] [3234] [INFO] Booting worker with pid: 3234
[2025-09-22 06:22:29 +0000] [3235] [INFO] Booting worker with pid: 3235
[2025-09-22 06:22:29 +0000] [3236] [INFO] Booting worker with pid: 3236
[2025-09-22 01:26:28 -0500] [3234] [INFO] Worker exiting (pid: 3234)
[2025-09-22 06:26:28 +0000] [3232] [INFO] Handling signal: term
[2025-09-22 01:26:28 -0500] [3236] [INFO] Worker exiting (pid: 3236)
[2025-09-22 01:26:28 -0500] [3235] [INFO] Worker exiting (pid: 3235)
[2025-09-22 06:26:28 +0000] [3232] [ERROR] Worker (pid:3234) was sent SIGTERM!
[2025-09-22 06:26:28 +0000] [3232] [INFO] Shutting down: Master
[2025-09-22 06:26:30 +0000] [3340] [INFO] Starting gunicorn 21.2.0
[2025-09-22 06:26:30 +0000] [3340] [INFO] Listening at: http://0.0.0.0:8000 (3340)
[2025-09-22 06:26:30 +0000] [3340] [INFO] Using worker: sync
[2025-09-22 06:26:30 +0000] [3342] [INFO] Booting worker with pid: 3342
[2025-09-22 06:26:30 +0000] [3343] [INFO] Booting worker with pid: 3343
[2025-09-22 06:26:30 +0000] [3344] [INFO] Booting worker with pid: 3344
[2025-09-22 06:51:20 +0000] [3340] [ERROR] Worker (pid:3342) was sent SIGKILL! Perhaps out of memory?
[2025-09-22 06:51:20 +0000] [3340] [CRITICAL] WORKER TIMEOUT (pid:3342)
[2025-09-22 06:51:20 +0000] [3466] [INFO] Booting worker with pid: 3466
[2025-09-22 06:51:53 +0000] [3340] [CRITICAL] WORKER TIMEOUT (pid:3466)
[2025-09-22 06:52:03 +0000] [3340] [ERROR] Worker (pid:3466) was sent SIGKILL! Perhaps out of memory?
[2025-09-22 06:52:23 +0000] [3476] [INFO] Booting worker with pid: 3476
[2025-09-22 06:52:50 +0000] [3340] [CRITICAL] WORKER TIMEOUT (pid:3476)
[2025-09-22 06:53:11 +0000] [3340] [ERROR] Worker (pid:3476) was sent SIGKILL! Perhaps out of memory?
[2025-09-22 06:53:45 +0000] [3479] [INFO] Booting worker with pid: 3479
[2025-09-22 06:54:21 +0000] [3340] [CRITICAL] WORKER TIMEOUT (pid:3479)
[2025-09-22 06:57:14 +0000] [3340] [ERROR] Worker (pid:3479) was sent SIGKILL! Perhaps out of memory?
[2025-09-22 06:57:14 +0000] [3499] [INFO] Booting worker with pid: 3499
[2025-09-22 07:07:41 +0000] [3340] [CRITICAL] WORKER TIMEOUT (pid:3343)
[2025-09-22 02:07:41 -0500] [3343] [INFO] Worker exiting (pid: 3343)
[2025-09-22 07:07:42 +0000] [3340] [ERROR] Worker (pid:3343) was sent SIGKILL! Perhaps out of memory?
[2025-09-22 07:07:42 +0000] [3903] [INFO] Booting worker with pid: 3903
[2025-09-22 07:08:13 +0000] [3340] [CRITICAL] WORKER TIMEOUT (pid:3903)
[2025-09-22 07:08:14 +0000] [3340] [ERROR] Worker (pid:3903) was sent SIGKILL! Perhaps out of memory?
[2025-09-22 07:08:14 +0000] [3909] [INFO] Booting worker with pid: 3909
[2025-09-22 07:16:57 +0000] [1113] [INFO] Starting gunicorn 21.2.0
[2025-09-22 07:16:57 +0000] [1113] [INFO] Listening at: http://0.0.0.0:8000 (1113)
[2025-09-22 07:16:57 +0000] [1113] [INFO] Using worker: sync
[2025-09-22 07:16:57 +0000] [1115] [INFO] Booting worker with pid: 1115
[2025-09-22 07:16:57 +0000] [1116] [INFO] Booting worker with pid: 1116
[2025-09-22 07:16:57 +0000] [1117] [INFO] Booting worker with pid: 1117
[2025-09-22 05:30:40 -0500] [1115] [INFO] Worker exiting (pid: 1115)
[2025-09-22 10:30:40 +0000] [1113] [INFO] Handling signal: term
[2025-09-22 05:30:40 -0500] [1116] [INFO] Worker exiting (pid: 1116)
[2025-09-22 05:30:40 -0500] [1117] [INFO] Worker exiting (pid: 1117)
[2025-09-22 10:30:41 +0000] [1113] [INFO] Shutting down: Master
[2025-09-22 10:30:42 +0000] [1628] [INFO] Starting gunicorn 21.2.0
[2025-09-22 10:30:42 +0000] [1628] [INFO] Listening at: http://0.0.0.0:8000 (1628)
[2025-09-22 10:30:42 +0000] [1628] [INFO] Using worker: sync
[2025-09-22 10:30:42 +0000] [1630] [INFO] Booting worker with pid: 1630
[2025-09-22 10:30:42 +0000] [1631] [INFO] Booting worker with pid: 1631
[2025-09-22 10:30:43 +0000] [1632] [INFO] Booting worker with pid: 1632
[2025-09-22 05:34:16 -0500] [1630] [INFO] Worker exiting (pid: 1630)
[2025-09-22 10:34:16 +0000] [1628] [INFO] Handling signal: term
[2025-09-22 05:34:16 -0500] [1631] [INFO] Worker exiting (pid: 1631)
[2025-09-22 05:34:16 -0500] [1632] [INFO] Worker exiting (pid: 1632)
[2025-09-22 10:34:17 +0000] [1628] [INFO] Shutting down: Master
[2025-09-22 10:34:19 +0000] [1740] [INFO] Starting gunicorn 21.2.0
[2025-09-22 10:34:19 +0000] [1740] [INFO] Listening at: http://0.0.0.0:8000 (1740)
[2025-09-22 10:34:19 +0000] [1740] [INFO] Using worker: sync
[2025-09-22 10:34:19 +0000] [1742] [INFO] Booting worker with pid: 1742
[2025-09-22 10:34:19 +0000] [1743] [INFO] Booting worker with pid: 1743
[2025-09-22 10:34:19 +0000] [1744] [INFO] Booting worker with pid: 1744
[2025-09-22 05:36:34 -0500] [1742] [INFO] Worker exiting (pid: 1742)
[2025-09-22 10:36:34 +0000] [1740] [INFO] Handling signal: term
[2025-09-22 05:36:34 -0500] [1743] [INFO] Worker exiting (pid: 1743)
[2025-09-22 05:36:34 -0500] [1744] [INFO] Worker exiting (pid: 1744)
[2025-09-22 10:36:34 +0000] [1740] [ERROR] Worker (pid:1742) was sent SIGTERM!
[2025-09-22 10:36:34 +0000] [1740] [ERROR] Worker (pid:1744) was sent SIGTERM!
[2025-09-22 10:36:34 +0000] [1740] [ERROR] Worker (pid:1743) was sent SIGTERM!
[2025-09-22 10:36:34 +0000] [1740] [INFO] Shutting down: Master
[2025-09-22 10:36:36 +0000] [1813] [INFO] Starting gunicorn 21.2.0
[2025-09-22 10:36:36 +0000] [1813] [INFO] Listening at: http://0.0.0.0:8000 (1813)
[2025-09-22 10:36:36 +0000] [1813] [INFO] Using worker: sync
[2025-09-22 10:36:36 +0000] [1815] [INFO] Booting worker with pid: 1815
[2025-09-22 10:36:36 +0000] [1816] [INFO] Booting worker with pid: 1816
[2025-09-22 10:36:36 +0000] [1817] [INFO] Booting worker with pid: 1817
[2025-09-22 05:41:07 -0500] [1815] [INFO] Worker exiting (pid: 1815)
[2025-09-22 10:41:07 +0000] [1813] [INFO] Handling signal: term
[2025-09-22 05:41:07 -0500] [1816] [INFO] Worker exiting (pid: 1816)
[2025-09-22 05:41:07 -0500] [1817] [INFO] Worker exiting (pid: 1817)
[2025-09-22 10:41:07 +0000] [1813] [INFO] Shutting down: Master
[2025-09-22 10:41:09 +0000] [1912] [INFO] Starting gunicorn 21.2.0
[2025-09-22 10:41:09 +0000] [1912] [INFO] Listening at: http://0.0.0.0:8000 (1912)
[2025-09-22 10:41:09 +0000] [1912] [INFO] Using worker: sync
[2025-09-22 10:41:09 +0000] [1914] [INFO] Booting worker with pid: 1914
[2025-09-22 10:41:09 +0000] [1915] [INFO] Booting worker with pid: 1915
[2025-09-22 10:41:09 +0000] [1916] [INFO] Booting worker with pid: 1916
[2025-09-22 10:50:43 +0000] [1912] [INFO] Handling signal: term
[2025-09-22 05:50:43 -0500] [1914] [INFO] Worker exiting (pid: 1914)
[2025-09-22 05:50:43 -0500] [1916] [INFO] Worker exiting (pid: 1916)
[2025-09-22 05:50:43 -0500] [1915] [INFO] Worker exiting (pid: 1915)
[2025-09-22 10:50:43 +0000] [1912] [INFO] Shutting down: Master
[2025-09-22 10:50:45 +0000] [1979] [INFO] Starting gunicorn 21.2.0
[2025-09-22 10:50:45 +0000] [1979] [INFO] Listening at: http://0.0.0.0:8000 (1979)
[2025-09-22 10:50:45 +0000] [1979] [INFO] Using worker: sync
[2025-09-22 10:50:45 +0000] [1981] [INFO] Booting worker with pid: 1981
[2025-09-22 10:50:45 +0000] [1982] [INFO] Booting worker with pid: 1982
[2025-09-22 10:50:45 +0000] [1983] [INFO] Booting worker with pid: 1983
[2025-09-22 05:52:30 -0500] [1982] [INFO] Worker exiting (pid: 1982)
[2025-09-22 10:52:30 +0000] [1979] [INFO] Handling signal: term
[2025-09-22 05:52:30 -0500] [1981] [INFO] Worker exiting (pid: 1981)
[2025-09-22 05:52:30 -0500] [1983] [INFO] Worker exiting (pid: 1983)
[2025-09-22 10:52:31 +0000] [1979] [INFO] Shutting down: Master
[2025-09-22 10:52:32 +0000] [2033] [INFO] Starting gunicorn 21.2.0
[2025-09-22 10:52:32 +0000] [2033] [INFO] Listening at: http://0.0.0.0:8000 (2033)
[2025-09-22 10:52:32 +0000] [2033] [INFO] Using worker: sync
[2025-09-22 10:52:32 +0000] [2035] [INFO] Booting worker with pid: 2035
[2025-09-22 10:52:32 +0000] [2036] [INFO] Booting worker with pid: 2036
[2025-09-22 10:52:32 +0000] [2037] [INFO] Booting worker with pid: 2037
[2025-09-22 06:36:27 -0500] [2035] [INFO] Worker exiting (pid: 2035)
[2025-09-22 11:36:27 +0000] [2033] [INFO] Handling signal: term
[2025-09-22 06:36:27 -0500] [2036] [INFO] Worker exiting (pid: 2036)
[2025-09-22 06:36:27 -0500] [2037] [INFO] Worker exiting (pid: 2037)
[2025-09-22 11:36:27 +0000] [2033] [INFO] Shutting down: Master
[2025-09-22 11:36:29 +0000] [2355] [INFO] Starting gunicorn 21.2.0
[2025-09-22 11:36:29 +0000] [2355] [INFO] Listening at: http://0.0.0.0:8000 (2355)
[2025-09-22 11:36:29 +0000] [2355] [INFO] Using worker: sync
[2025-09-22 11:36:29 +0000] [2357] [INFO] Booting worker with pid: 2357
[2025-09-22 11:36:29 +0000] [2358] [INFO] Booting worker with pid: 2358
[2025-09-22 11:36:29 +0000] [2359] [INFO] Booting worker with pid: 2359
[2025-09-22 06:46:58 -0500] [2359] [INFO] Worker exiting (pid: 2359)
[2025-09-22 11:46:58 +0000] [2355] [INFO] Handling signal: term
[2025-09-22 06:46:58 -0500] [2357] [INFO] Worker exiting (pid: 2357)
[2025-09-22 06:46:58 -0500] [2358] [INFO] Worker exiting (pid: 2358)
[2025-09-22 11:46:58 +0000] [2355] [INFO] Shutting down: Master
[2025-09-22 11:47:00 +0000] [2443] [INFO] Starting gunicorn 21.2.0
[2025-09-22 11:47:00 +0000] [2443] [INFO] Listening at: http://0.0.0.0:8000 (2443)
[2025-09-22 11:47:00 +0000] [2443] [INFO] Using worker: sync
[2025-09-22 11:47:00 +0000] [2445] [INFO] Booting worker with pid: 2445
[2025-09-22 11:47:00 +0000] [2446] [INFO] Booting worker with pid: 2446
[2025-09-22 11:47:00 +0000] [2447] [INFO] Booting worker with pid: 2447
[2025-09-22 11:53:22 +0000] [2443] [INFO] Handling signal: term
[2025-09-22 06:53:22 -0500] [2445] [INFO] Worker exiting (pid: 2445)
[2025-09-22 06:53:22 -0500] [2447] [INFO] Worker exiting (pid: 2447)
[2025-09-22 06:53:22 -0500] [2446] [INFO] Worker exiting (pid: 2446)
[2025-09-22 11:53:23 +0000] [2443] [INFO] Shutting down: Master
[2025-09-22 11:53:25 +0000] [2520] [INFO] Starting gunicorn 21.2.0
[2025-09-22 11:53:25 +0000] [2520] [INFO] Listening at: http://0.0.0.0:8000 (2520)
[2025-09-22 11:53:25 +0000] [2520] [INFO] Using worker: sync
[2025-09-22 11:53:25 +0000] [2522] [INFO] Booting worker with pid: 2522
[2025-09-22 11:53:25 +0000] [2523] [INFO] Booting worker with pid: 2523
[2025-09-22 11:53:25 +0000] [2524] [INFO] Booting worker with pid: 2524
[2025-09-22 11:58:42 +0000] [2520] [INFO] Handling signal: term
[2025-09-22 06:58:42 -0500] [2524] [INFO] Worker exiting (pid: 2524)
[2025-09-22 06:58:42 -0500] [2522] [INFO] Worker exiting (pid: 2522)
[2025-09-22 06:58:42 -0500] [2523] [INFO] Worker exiting (pid: 2523)
[2025-09-22 11:58:42 +0000] [2520] [INFO] Shutting down: Master
[2025-09-22 11:58:44 +0000] [2618] [INFO] Starting gunicorn 21.2.0
[2025-09-22 11:58:44 +0000] [2618] [INFO] Listening at: http://0.0.0.0:8000 (2618)
[2025-09-22 11:58:44 +0000] [2618] [INFO] Using worker: sync
[2025-09-22 11:58:44 +0000] [2620] [INFO] Booting worker with pid: 2620
[2025-09-22 11:58:44 +0000] [2621] [INFO] Booting worker with pid: 2621
[2025-09-22 11:58:44 +0000] [2622] [INFO] Booting worker with pid: 2622
[2025-09-22 12:10:02 +0000] [2618] [CRITICAL] WORKER TIMEOUT (pid:2621)
[2025-09-22 12:15:05 +0000] [2618] [ERROR] Worker (pid:2621) was sent SIGKILL! Perhaps out of memory?
[2025-09-22 12:15:05 +0000] [2667] [INFO] Booting worker with pid: 2667
[2025-09-23 03:06:28 +0000] [2618] [INFO] Handling signal: term
[2025-09-23 03:06:28 +0000] [2618] [ERROR] Worker (pid:2622) was sent SIGHUP!
[2025-09-23 03:06:28 +0000] [2618] [ERROR] Worker (pid:2667) was sent SIGHUP!
[2025-09-23 03:06:28 +0000] [2618] [ERROR] Worker (pid:2620) was sent SIGHUP!
[2025-09-23 03:06:28 +0000] [2618] [INFO] Shutting down: Master
[2025-09-23 03:21:22 +0000] [1483] [INFO] Starting gunicorn 21.2.0
[2025-09-23 03:21:22 +0000] [1483] [INFO] Listening at: http://0.0.0.0:8000 (1483)
[2025-09-23 03:21:22 +0000] [1483] [INFO] Using worker: sync
[2025-09-23 03:21:22 +0000] [1485] [INFO] Booting worker with pid: 1485
[2025-09-23 03:21:22 +0000] [1486] [INFO] Booting worker with pid: 1486
[2025-09-23 03:21:22 +0000] [1487] [INFO] Booting worker with pid: 1487
[2025-09-23 16:37:04 -0500] [1486] [WARNING] Invalid request from ip=3.134.148.59: Invalid HTTP request line: 'SSH-2.0-Go'
[2025-09-24 08:38:50 +0000] [1483] [CRITICAL] WORKER TIMEOUT (pid:1485)
[2025-09-24 08:57:20 +0000] [1483] [CRITICAL] WORKER TIMEOUT (pid:1486)
[2025-09-24 09:05:29 +0000] [1483] [CRITICAL] WORKER TIMEOUT (pid:1487)
[2025-09-24 03:59:19 -0500] [1485] [INFO] Worker exiting (pid: 1485)
[2025-09-24 09:12:06 +0000] [1483] [ERROR] Worker (pid:1485) was sent SIGKILL! Perhaps out of memory?
[2025-09-24 04:06:44 -0500] [1486] [INFO] Worker exiting (pid: 1486)
[2025-09-24 04:12:06 -0500] [1487] [INFO] Worker exiting (pid: 1487)
[2025-09-24 09:12:06 +0000] [1483] [ERROR] Worker (pid:1486) was sent SIGKILL! Perhaps out of memory?
[2025-09-24 09:12:06 +0000] [1483] [ERROR] Worker (pid:1487) was sent SIGKILL! Perhaps out of memory?
[2025-09-24 09:12:06 +0000] [4594] [INFO] Booting worker with pid: 4594
[2025-09-24 09:12:06 +0000] [4598] [INFO] Booting worker with pid: 4598
[2025-09-24 09:12:06 +0000] [4602] [INFO] Booting worker with pid: 4602
[2025-09-24 12:18:41 +0000] [1483] [INFO] Handling signal: term
[2025-09-24 12:18:41 +0000] [1483] [ERROR] Worker (pid:4598) was sent SIGHUP!
[2025-09-24 12:18:41 +0000] [1483] [ERROR] Worker (pid:4602) was sent SIGHUP!
[2025-09-24 12:18:41 +0000] [1483] [ERROR] Worker (pid:4594) was sent SIGHUP!
[2025-09-24 12:18:41 +0000] [1483] [INFO] Shutting down: Master
[2025-09-27 02:32:47 +0000] [19921] [INFO] Starting gunicorn 21.2.0
[2025-09-27 02:32:47 +0000] [19921] [INFO] Listening at: http://0.0.0.0:8000 (19921)
[2025-09-27 02:32:47 +0000] [19921] [INFO] Using worker: sync
[2025-09-27 02:32:47 +0000] [19923] [INFO] Booting worker with pid: 19923
[2025-09-27 02:32:47 +0000] [19924] [INFO] Booting worker with pid: 19924
[2025-09-27 02:32:47 +0000] [19925] [INFO] Booting worker with pid: 19925
[2025-09-27 02:53:34 +0000] [19921] [INFO] Handling signal: term
[2025-09-26 21:53:34 -0500] [19923] [INFO] Worker exiting (pid: 19923)
[2025-09-26 21:53:34 -0500] [19924] [INFO] Worker exiting (pid: 19924)
[2025-09-26 21:53:34 -0500] [19925] [INFO] Worker exiting (pid: 19925)
[2025-09-27 02:53:34 +0000] [19921] [INFO] Shutting down: Master
[2025-09-27 02:53:36 +0000] [20101] [INFO] Starting gunicorn 21.2.0
[2025-09-27 02:53:36 +0000] [20101] [INFO] Listening at: http://0.0.0.0:8000 (20101)
[2025-09-27 02:53:36 +0000] [20101] [INFO] Using worker: sync
[2025-09-27 02:53:36 +0000] [20103] [INFO] Booting worker with pid: 20103
[2025-09-27 02:53:36 +0000] [20104] [INFO] Booting worker with pid: 20104
[2025-09-27 02:53:37 +0000] [20105] [INFO] Booting worker with pid: 20105
[2025-09-27 03:00:07 +0000] [20101] [INFO] Handling signal: term
[2025-09-26 22:00:07 -0500] [20103] [INFO] Worker exiting (pid: 20103)
[2025-09-26 22:00:07 -0500] [20104] [INFO] Worker exiting (pid: 20104)
[2025-09-26 22:00:07 -0500] [20105] [INFO] Worker exiting (pid: 20105)
[2025-09-27 03:00:07 +0000] [20101] [INFO] Shutting down: Master
[2025-09-27 03:00:09 +0000] [20184] [INFO] Starting gunicorn 21.2.0
[2025-09-27 03:00:09 +0000] [20184] [INFO] Listening at: http://0.0.0.0:8000 (20184)
[2025-09-27 03:00:09 +0000] [20184] [INFO] Using worker: sync
[2025-09-27 03:00:09 +0000] [20186] [INFO] Booting worker with pid: 20186
[2025-09-27 03:00:09 +0000] [20187] [INFO] Booting worker with pid: 20187
[2025-09-27 03:00:09 +0000] [20188] [INFO] Booting worker with pid: 20188
[2025-09-26 22:05:29 -0500] [20187] [INFO] Worker exiting (pid: 20187)
[2025-09-26 22:05:29 -0500] [20188] [INFO] Worker exiting (pid: 20188)
[2025-09-27 03:05:29 +0000] [20184] [INFO] Handling signal: term
[2025-09-26 22:05:29 -0500] [20186] [INFO] Worker exiting (pid: 20186)
[2025-09-27 03:05:29 +0000] [20184] [ERROR] Worker (pid:20188) was sent SIGTERM!
[2025-09-27 03:05:29 +0000] [20184] [ERROR] Worker (pid:20187) was sent SIGTERM!
[2025-09-27 03:05:29 +0000] [20184] [INFO] Shutting down: Master
[2025-09-27 03:05:31 +0000] [20271] [INFO] Starting gunicorn 21.2.0
[2025-09-27 03:05:31 +0000] [20271] [INFO] Listening at: http://0.0.0.0:8000 (20271)
[2025-09-27 03:05:31 +0000] [20271] [INFO] Using worker: sync
[2025-09-27 03:05:31 +0000] [20273] [INFO] Booting worker with pid: 20273
[2025-09-27 03:05:31 +0000] [20274] [INFO] Booting worker with pid: 20274
[2025-09-27 03:05:31 +0000] [20275] [INFO] Booting worker with pid: 20275
[2025-09-27 03:10:45 +0000] [20271] [INFO] Handling signal: term
[2025-09-26 22:10:45 -0500] [20273] [INFO] Worker exiting (pid: 20273)
[2025-09-26 22:10:45 -0500] [20274] [INFO] Worker exiting (pid: 20274)
[2025-09-26 22:10:45 -0500] [20275] [INFO] Worker exiting (pid: 20275)
[2025-09-27 03:10:45 +0000] [20271] [INFO] Shutting down: Master
[2025-09-27 03:10:47 +0000] [20376] [INFO] Starting gunicorn 21.2.0
[2025-09-27 03:10:47 +0000] [20376] [INFO] Listening at: http://0.0.0.0:8000 (20376)
[2025-09-27 03:10:47 +0000] [20376] [INFO] Using worker: sync
[2025-09-27 03:10:47 +0000] [20378] [INFO] Booting worker with pid: 20378
[2025-09-27 03:10:47 +0000] [20379] [INFO] Booting worker with pid: 20379
[2025-09-27 03:10:47 +0000] [20380] [INFO] Booting worker with pid: 20380
[2025-09-27 03:29:27 +0000] [20376] [INFO] Handling signal: term
[2025-09-26 22:29:27 -0500] [20379] [INFO] Worker exiting (pid: 20379)
[2025-09-26 22:29:27 -0500] [20378] [INFO] Worker exiting (pid: 20378)
[2025-09-26 22:29:27 -0500] [20380] [INFO] Worker exiting (pid: 20380)
[2025-09-27 03:29:27 +0000] [20376] [INFO] Shutting down: Master
[2025-09-27 03:29:29 +0000] [20534] [INFO] Starting gunicorn 21.2.0
[2025-09-27 03:29:29 +0000] [20534] [INFO] Listening at: http://0.0.0.0:8000 (20534)
[2025-09-27 03:29:29 +0000] [20534] [INFO] Using worker: sync
[2025-09-27 03:29:29 +0000] [20536] [INFO] Booting worker with pid: 20536
[2025-09-27 03:29:29 +0000] [20537] [INFO] Booting worker with pid: 20537
[2025-09-27 03:29:29 +0000] [20538] [INFO] Booting worker with pid: 20538
[2025-09-27 03:34:34 +0000] [20534] [INFO] Handling signal: term
[2025-09-26 22:34:34 -0500] [20536] [INFO] Worker exiting (pid: 20536)
[2025-09-26 22:34:34 -0500] [20537] [INFO] Worker exiting (pid: 20537)
[2025-09-26 22:34:34 -0500] [20538] [INFO] Worker exiting (pid: 20538)
[2025-09-27 03:34:35 +0000] [20534] [INFO] Shutting down: Master
[2025-09-27 03:34:37 +0000] [20617] [INFO] Starting gunicorn 21.2.0
[2025-09-27 03:34:37 +0000] [20617] [INFO] Listening at: http://0.0.0.0:8000 (20617)
[2025-09-27 03:34:37 +0000] [20617] [INFO] Using worker: sync
[2025-09-27 03:34:37 +0000] [20619] [INFO] Booting worker with pid: 20619
[2025-09-27 03:34:37 +0000] [20620] [INFO] Booting worker with pid: 20620
[2025-09-27 03:34:37 +0000] [20621] [INFO] Booting worker with pid: 20621
[2025-09-26 22:48:51 -0500] [20619] [INFO] Worker exiting (pid: 20619)
[2025-09-27 03:48:51 +0000] [20617] [INFO] Handling signal: term
[2025-09-26 22:48:51 -0500] [20621] [INFO] Worker exiting (pid: 20621)
[2025-09-26 22:48:51 -0500] [20620] [INFO] Worker exiting (pid: 20620)
[2025-09-27 03:48:51 +0000] [20617] [INFO] Shutting down: Master
[2025-09-27 03:48:53 +0000] [20814] [INFO] Starting gunicorn 21.2.0
[2025-09-27 03:48:53 +0000] [20814] [INFO] Listening at: http://0.0.0.0:8000 (20814)
[2025-09-27 03:48:53 +0000] [20814] [INFO] Using worker: sync
[2025-09-27 03:48:53 +0000] [20816] [INFO] Booting worker with pid: 20816
[2025-09-27 03:48:53 +0000] [20817] [INFO] Booting worker with pid: 20817
[2025-09-27 03:48:53 +0000] [20818] [INFO] Booting worker with pid: 20818
[2025-09-27 03:53:21 +0000] [20814] [INFO] Handling signal: term
[2025-09-26 22:53:21 -0500] [20817] [INFO] Worker exiting (pid: 20817)
[2025-09-26 22:53:21 -0500] [20816] [INFO] Worker exiting (pid: 20816)
[2025-09-26 22:53:21 -0500] [20818] [INFO] Worker exiting (pid: 20818)
[2025-09-27 03:53:21 +0000] [20814] [INFO] Shutting down: Master
[2025-09-27 03:53:23 +0000] [20910] [INFO] Starting gunicorn 21.2.0
[2025-09-27 03:53:23 +0000] [20910] [INFO] Listening at: http://0.0.0.0:8000 (20910)
[2025-09-27 03:53:23 +0000] [20910] [INFO] Using worker: sync
[2025-09-27 03:53:23 +0000] [20912] [INFO] Booting worker with pid: 20912
[2025-09-27 03:53:23 +0000] [20913] [INFO] Booting worker with pid: 20913
[2025-09-27 03:53:23 +0000] [20914] [INFO] Booting worker with pid: 20914
[2025-09-27 04:00:33 +0000] [20910] [INFO] Handling signal: term
[2025-09-26 23:00:33 -0500] [20912] [INFO] Worker exiting (pid: 20912)
[2025-09-26 23:00:33 -0500] [20913] [INFO] Worker exiting (pid: 20913)
[2025-09-26 23:00:33 -0500] [20914] [INFO] Worker exiting (pid: 20914)
[2025-09-27 04:00:33 +0000] [20910] [INFO] Shutting down: Master
[2025-09-27 04:00:35 +0000] [21012] [INFO] Starting gunicorn 21.2.0
[2025-09-27 04:00:35 +0000] [21012] [INFO] Listening at: http://0.0.0.0:8000 (21012)
[2025-09-27 04:00:35 +0000] [21012] [INFO] Using worker: sync
[2025-09-27 04:00:35 +0000] [21014] [INFO] Booting worker with pid: 21014
[2025-09-27 04:00:35 +0000] [21015] [INFO] Booting worker with pid: 21015
[2025-09-27 04:00:35 +0000] [21016] [INFO] Booting worker with pid: 21016
[2025-09-26 23:13:22 -0500] [21016] [WARNING] Invalid request from ip=152.32.173.15: Invalid HTTP request line: ''
[2025-09-27 04:13:46 +0000] [21012] [INFO] Handling signal: term
[2025-09-26 23:13:46 -0500] [21015] [INFO] Worker exiting (pid: 21015)
[2025-09-26 23:13:46 -0500] [21014] [INFO] Worker exiting (pid: 21014)
[2025-09-26 23:13:47 -0500] [21016] [INFO] Worker exiting (pid: 21016)
[2025-09-27 04:13:47 +0000] [21012] [INFO] Shutting down: Master
[2025-09-27 04:13:49 +0000] [21164] [INFO] Starting gunicorn 21.2.0
[2025-09-27 04:13:49 +0000] [21164] [INFO] Listening at: http://0.0.0.0:8000 (21164)
[2025-09-27 04:13:49 +0000] [21164] [INFO] Using worker: sync
[2025-09-27 04:13:49 +0000] [21166] [INFO] Booting worker with pid: 21166
[2025-09-27 04:13:49 +0000] [21167] [INFO] Booting worker with pid: 21167
[2025-09-27 04:13:49 +0000] [21168] [INFO] Booting worker with pid: 21168
[2025-09-27 04:23:51 +0000] [21164] [INFO] Handling signal: term
[2025-09-26 23:23:51 -0500] [21168] [INFO] Worker exiting (pid: 21168)
[2025-09-26 23:23:51 -0500] [21166] [INFO] Worker exiting (pid: 21166)
[2025-09-26 23:23:51 -0500] [21167] [INFO] Worker exiting (pid: 21167)
[2025-09-27 04:23:51 +0000] [21164] [ERROR] Worker (pid:21166) was sent SIGTERM!
[2025-09-27 04:23:51 +0000] [21164] [ERROR] Worker (pid:21167) was sent SIGTERM!
[2025-09-27 04:23:52 +0000] [21164] [INFO] Shutting down: Master
[2025-09-27 04:23:55 +0000] [21255] [INFO] Starting gunicorn 21.2.0
[2025-09-27 04:23:55 +0000] [21255] [INFO] Listening at: http://0.0.0.0:8000 (21255)
[2025-09-27 04:23:55 +0000] [21255] [INFO] Using worker: sync
[2025-09-27 04:23:55 +0000] [21257] [INFO] Booting worker with pid: 21257
[2025-09-27 04:23:55 +0000] [21258] [INFO] Booting worker with pid: 21258
[2025-09-27 04:23:55 +0000] [21259] [INFO] Booting worker with pid: 21259
[2025-09-27 04:32:40 +0000] [21255] [INFO] Handling signal: term
[2025-09-26 23:32:40 -0500] [21258] [INFO] Worker exiting (pid: 21258)
[2025-09-26 23:32:40 -0500] [21259] [INFO] Worker exiting (pid: 21259)
[2025-09-26 23:32:40 -0500] [21257] [INFO] Worker exiting (pid: 21257)
[2025-09-27 04:32:40 +0000] [21255] [INFO] Shutting down: Master
[2025-09-27 04:32:42 +0000] [21345] [INFO] Starting gunicorn 21.2.0
[2025-09-27 04:32:42 +0000] [21345] [INFO] Listening at: http://0.0.0.0:8000 (21345)
[2025-09-27 04:32:42 +0000] [21345] [INFO] Using worker: sync
[2025-09-27 04:32:42 +0000] [21347] [INFO] Booting worker with pid: 21347
[2025-09-27 04:32:42 +0000] [21348] [INFO] Booting worker with pid: 21348
[2025-09-27 04:32:42 +0000] [21349] [INFO] Booting worker with pid: 21349
[2025-09-26 23:33:07 -0500] [21349] [INFO] Worker exiting (pid: 21349)
[2025-09-27 04:33:07 +0000] [21345] [INFO] Handling signal: term
[2025-09-26 23:33:07 -0500] [21348] [INFO] Worker exiting (pid: 21348)
[2025-09-26 23:33:07 -0500] [21347] [INFO] Worker exiting (pid: 21347)
[2025-09-27 04:33:07 +0000] [21345] [ERROR] Worker (pid:21349) was sent SIGTERM!
[2025-09-27 04:33:07 +0000] [21345] [ERROR] Worker (pid:21347) was sent SIGTERM!
[2025-09-27 04:33:07 +0000] [21345] [ERROR] Worker (pid:21348) was sent SIGTERM!
[2025-09-27 04:33:07 +0000] [21345] [INFO] Shutting down: Master
[2025-09-27 05:25:19 +0000] [21825] [INFO] Starting gunicorn 21.2.0
[2025-09-27 05:25:19 +0000] [21825] [INFO] Listening at: http://0.0.0.0:8000 (21825)
[2025-09-27 05:25:19 +0000] [21825] [INFO] Using worker: sync
[2025-09-27 05:25:19 +0000] [21827] [INFO] Booting worker with pid: 21827
[2025-09-27 05:25:19 +0000] [21828] [INFO] Booting worker with pid: 21828
[2025-09-27 05:25:19 +0000] [21829] [INFO] Booting worker with pid: 21829
[2025-09-27 05:28:28 +0000] [21825] [INFO] Handling signal: term
[2025-09-27 00:28:28 -0500] [21828] [INFO] Worker exiting (pid: 21828)
[2025-09-27 00:28:28 -0500] [21827] [INFO] Worker exiting (pid: 21827)
[2025-09-27 00:28:28 -0500] [21829] [INFO] Worker exiting (pid: 21829)
[2025-09-27 05:28:28 +0000] [21825] [INFO] Shutting down: Master
[2025-09-27 05:28:30 +0000] [21903] [INFO] Starting gunicorn 21.2.0
[2025-09-27 05:28:30 +0000] [21903] [INFO] Listening at: http://0.0.0.0:8000 (21903)
[2025-09-27 05:28:30 +0000] [21903] [INFO] Using worker: sync
[2025-09-27 05:28:30 +0000] [21905] [INFO] Booting worker with pid: 21905
[2025-09-27 05:28:31 +0000] [21906] [INFO] Booting worker with pid: 21906
[2025-09-27 05:28:31 +0000] [21907] [INFO] Booting worker with pid: 21907
[2025-09-27 00:34:08 -0500] [21905] [INFO] Worker exiting (pid: 21905)
[2025-09-27 00:34:08 -0500] [21906] [INFO] Worker exiting (pid: 21906)
[2025-09-27 05:34:08 +0000] [21903] [INFO] Handling signal: term
[2025-09-27 00:34:08 -0500] [21907] [INFO] Worker exiting (pid: 21907)
[2025-09-27 05:34:08 +0000] [21903] [ERROR] Worker (pid:21906) was sent SIGTERM!
[2025-09-27 05:34:08 +0000] [21903] [ERROR] Worker (pid:21905) was sent SIGTERM!
[2025-09-27 05:34:08 +0000] [21903] [INFO] Shutting down: Master
[2025-09-27 05:34:10 +0000] [21988] [INFO] Starting gunicorn 21.2.0
[2025-09-27 05:34:10 +0000] [21988] [INFO] Listening at: http://0.0.0.0:8000 (21988)
[2025-09-27 05:34:10 +0000] [21988] [INFO] Using worker: sync
[2025-09-27 05:34:10 +0000] [21990] [INFO] Booting worker with pid: 21990
[2025-09-27 05:34:10 +0000] [21991] [INFO] Booting worker with pid: 21991
[2025-09-27 05:34:10 +0000] [21992] [INFO] Booting worker with pid: 21992
[2025-09-27 06:18:59 +0000] [1247] [INFO] Starting gunicorn 21.2.0
[2025-09-27 06:18:59 +0000] [1247] [INFO] Listening at: http://0.0.0.0:8000 (1247)
[2025-09-27 06:18:59 +0000] [1247] [INFO] Using worker: sync
[2025-09-27 06:18:59 +0000] [1249] [INFO] Booting worker with pid: 1249
[2025-09-27 06:18:59 +0000] [1250] [INFO] Booting worker with pid: 1250
[2025-09-27 06:18:59 +0000] [1251] [INFO] Booting worker with pid: 1251
[2025-09-27 01:23:05 -0500] [1250] [INFO] Worker exiting (pid: 1250)
[2025-09-27 06:23:05 +0000] [1247] [INFO] Handling signal: term
[2025-09-27 01:23:05 -0500] [1249] [INFO] Worker exiting (pid: 1249)
[2025-09-27 01:23:05 -0500] [1251] [INFO] Worker exiting (pid: 1251)
[2025-09-27 06:23:05 +0000] [1247] [ERROR] Worker (pid:1251) was sent SIGTERM!
[2025-09-27 06:23:05 +0000] [1247] [ERROR] Worker (pid:1249) was sent SIGTERM!
[2025-09-27 06:23:05 +0000] [1247] [INFO] Shutting down: Master
[2025-09-27 06:23:07 +0000] [1316] [INFO] Starting gunicorn 21.2.0
[2025-09-27 06:23:07 +0000] [1316] [INFO] Listening at: http://0.0.0.0:8000 (1316)
[2025-09-27 06:23:07 +0000] [1316] [INFO] Using worker: sync
[2025-09-27 06:23:07 +0000] [1318] [INFO] Booting worker with pid: 1318
[2025-09-27 06:23:07 +0000] [1319] [INFO] Booting worker with pid: 1319
[2025-09-27 06:23:07 +0000] [1320] [INFO] Booting worker with pid: 1320
[2025-09-27 06:28:59 +0000] [1316] [INFO] Handling signal: term
[2025-09-27 01:28:59 -0500] [1318] [INFO] Worker exiting (pid: 1318)
[2025-09-27 01:28:59 -0500] [1319] [INFO] Worker exiting (pid: 1319)
[2025-09-27 01:28:59 -0500] [1320] [INFO] Worker exiting (pid: 1320)
[2025-09-27 06:28:59 +0000] [1316] [INFO] Shutting down: Master
[2025-09-27 06:29:01 +0000] [1418] [INFO] Starting gunicorn 21.2.0
[2025-09-27 06:29:01 +0000] [1418] [INFO] Listening at: http://0.0.0.0:8000 (1418)
[2025-09-27 06:29:01 +0000] [1418] [INFO] Using worker: sync
[2025-09-27 06:29:01 +0000] [1420] [INFO] Booting worker with pid: 1420
[2025-09-27 06:29:01 +0000] [1421] [INFO] Booting worker with pid: 1421
[2025-09-27 06:29:01 +0000] [1422] [INFO] Booting worker with pid: 1422
